<?xml version="1.0" encoding="UTF-8"?>
<!-- Generated by org.testng.reporters.JUnitReportReporter -->
<testsuite hostname="Narendra-PC" name="driverFactory.OhrmDataDriven" tests="2" failures="0" timestamp="11 Jan 2020 13:58:00 GMT" time="24.510" errors="0">
  <testcase name="addemployee" time="15.945" classname="driverFactory.OhrmDataDriven"/>
  <testcase name="login" time="8.565" classname="driverFactory.OhrmDataDriven"/>
</testsuite> <!-- driverFactory.OhrmDataDriven -->
